<?xml version="1.0" encoding="utf-8"?><testsuite errors="0" failures="0" name="pytest" skips="0" tests="3" time="0.130"><testcase classname="test_main" file="test_main.py" line="10" name="test_get_temperature_by_lat_lng[-14.235004--51.92528-62-16]" time="0.0019941329956054688"></testcase><testcase classname="test_main" file="test_main.py" line="10" name="test_get_temperature_by_lat_lng[-10.235004-30.92528-100-37]" time="0.001995086669921875"></testcase><testcase classname="test_main" file="test_main.py" line="10" name="test_get_temperature_by_lat_lng[20.235004-12.92528-32-0]" time="0.001994609832763672"></testcase></testsuite>